{
  level: 'info',
  message: 'connected to host on port: 3000',
  label: 'testing mode',
  timestamp: '2021-10-12T08:44:08.663Z'
}
{
  level: 'info',
  message: 'connected to host on port: 3000',
  label: 'testing mode',
  timestamp: '2021-10-12T08:48:46.885Z'
}
{
  level: 'info',
  message: 'connected to host on port: 3000',
  label: 'testing mode',
  timestamp: '2021-10-12T08:50:15.853Z'
}
{
  level: 'error',
  message: 'error  get_all_tickets:,Error [ERR_HTTP_HEADERS_SENT]: Cannot set headers after they are sent to the client',
  label: 'testing mode',
  timestamp: '2021-10-12T08:50:22.547Z'
}
{
  level: 'error',
  message: 'error  get_all_tickets:,Error [ERR_HTTP_HEADERS_SENT]: Cannot set headers after they are sent to the client',
  label: 'testing mode',
  timestamp: '2021-10-12T08:50:34.671Z'
}
{
  level: 'info',
  message: 'connected to host on port: 3000',
  label: 'testing mode',
  timestamp: '2021-10-12T08:50:52.649Z'
}
{
  level: 'info',
  message: 'connected to host on port: 3000',
  label: 'testing mode',
  timestamp: '2021-10-12T08:51:25.950Z'
}
{
  level: 'info',
  message: 'connected to host on port: 3000',
  label: 'testing mode',
  timestamp: '2021-10-12T09:21:39.177Z'
}
{
  level: 'info',
  message: 'connected to host on port: 3000',
  label: 'testing mode',
  timestamp: '2021-10-12T09:22:34.670Z'
}
{
  level: 'error',
  message: 'error  get_all_countries:,Error [ERR_HTTP_HEADERS_SENT]: Cannot set headers after they are sent to the client',
  label: 'testing mode',
  timestamp: '2021-10-12T09:22:42.561Z'
}
{
  level: 'info',
  message: 'connected to host on port: 3000',
  label: 'testing mode',
  timestamp: '2021-10-12T09:22:55.436Z'
}
{
  level: 'info',
  message: 'connected to host on port: 3000',
  label: 'testing mode',
  timestamp: '2021-10-12T09:23:00.166Z'
}
{
  level: 'info',
  message: 'connected to host on port: 3000',
  label: 'testing mode',
  timestamp: '2021-10-12T09:26:39.620Z'
}
{
  level: 'error',
  message: 'error  get_all_tickets:,Error [ERR_HTTP_HEADERS_SENT]: Cannot set headers after they are sent to the client',
  label: 'testing mode',
  timestamp: '2021-10-12T09:26:40.632Z'
}
{
  level: 'info',
  message: 'connected to host on port: 3000',
  label: 'testing mode',
  timestamp: '2021-10-12T09:27:03.756Z'
}
{
  level: 'error',
  message: 'error  get_all_countries:,Error [ERR_HTTP_HEADERS_SENT]: Cannot set headers after they are sent to the client',
  label: 'testing mode',
  timestamp: '2021-10-12T09:27:17.837Z'
}
{
  level: 'info',
  message: 'connected to host on port: 3000',
  label: 'testing mode',
  timestamp: '2021-10-12T09:29:36.602Z'
}
{
  level: 'info',
  message: 'connected to host on port: 3000',
  label: 'testing mode',
  timestamp: '2021-10-12T09:29:40.463Z'
}
{
  level: 'info',
  message: 'connected to host on port: 3000',
  label: 'testing mode',
  timestamp: '2021-10-12T09:29:59.419Z'
}
{
  level: 'error',
  message: "error  get_all_tickets:,MongooseServerSelectionError: Could not connect to any servers in your MongoDB Atlas cluster. One common reason is that you're trying to access the database from an IP that isn't whitelisted. Make sure your current IP address is on your Atlas cluster's IP whitelist: https://docs.atlas.mongodb.com/security-whitelist/",
  label: 'testing mode',
  timestamp: '2021-10-12T09:36:36.709Z'
}
{
  level: 'error',
  message: "error  get_all_countries:,MongooseServerSelectionError: Could not connect to any servers in your MongoDB Atlas cluster. One common reason is that you're trying to access the database from an IP that isn't whitelisted. Make sure your current IP address is on your Atlas cluster's IP whitelist: https://docs.atlas.mongodb.com/security-whitelist/",
  label: 'testing mode',
  timestamp: '2021-10-12T09:37:06.903Z'
}
{
  level: 'error',
  message: "error  get_all_airlines_join:,MongooseServerSelectionError: Could not connect to any servers in your MongoDB Atlas cluster. One common reason is that you're trying to access the database from an IP that isn't whitelisted. Make sure your current IP address is on your Atlas cluster's IP whitelist: https://docs.atlas.mongodb.com/security-whitelist/",
  label: 'testing mode',
  timestamp: '2021-10-12T09:37:06.912Z'
}
{
  level: 'error',
  message: "error  get_all_tickets:,MongooseServerSelectionError: Could not connect to any servers in your MongoDB Atlas cluster. One common reason is that you're trying to access the database from an IP that isn't whitelisted. Make sure your current IP address is on your Atlas cluster's IP whitelist: https://docs.atlas.mongodb.com/security-whitelist/",
  label: 'testing mode',
  timestamp: '2021-10-12T09:37:06.921Z'
}
{
  level: 'error',
  message: "error  get_all_countries:,MongooseServerSelectionError: Could not connect to any servers in your MongoDB Atlas cluster. One common reason is that you're trying to access the database from an IP that isn't whitelisted. Make sure your current IP address is on your Atlas cluster's IP whitelist: https://docs.atlas.mongodb.com/security-whitelist/",
  label: 'testing mode',
  timestamp: '2021-10-12T09:37:06.940Z'
}
{
  level: 'error',
  message: "error  get_all_countries:,MongooseServerSelectionError: Could not connect to any servers in your MongoDB Atlas cluster. One common reason is that you're trying to access the database from an IP that isn't whitelisted. Make sure your current IP address is on your Atlas cluster's IP whitelist: https://docs.atlas.mongodb.com/security-whitelist/",
  label: 'testing mode',
  timestamp: '2021-10-12T09:37:06.949Z'
}
{
  level: 'error',
  message: "error  get_all_tickets:,MongooseServerSelectionError: Could not connect to any servers in your MongoDB Atlas cluster. One common reason is that you're trying to access the database from an IP that isn't whitelisted. Make sure your current IP address is on your Atlas cluster's IP whitelist: https://docs.atlas.mongodb.com/security-whitelist/",
  label: 'testing mode',
  timestamp: '2021-10-12T09:37:06.965Z'
}
{
  level: 'error',
  message: "error  get_all_countries:,MongooseServerSelectionError: Could not connect to any servers in your MongoDB Atlas cluster. One common reason is that you're trying to access the database from an IP that isn't whitelisted. Make sure your current IP address is on your Atlas cluster's IP whitelist: https://docs.atlas.mongodb.com/security-whitelist/",
  label: 'testing mode',
  timestamp: '2021-10-12T09:37:06.973Z'
}
{
  level: 'info',
  message: 'connected to host on port: 3000',
  label: 'testing mode',
  timestamp: '2021-10-12T18:29:52.117Z'
}
{
  level: 'info',
  message: 'connected to host on port: 3000',
  label: 'testing mode',
  timestamp: '2021-10-12T18:40:37.077Z'
}
{
  level: 'info',
  message: 'connected to host on port: 3000',
  label: 'testing mode',
  timestamp: '2021-10-12T19:03:37.908Z'
}
{
  level: 'error',
  message: 'error  get_all_countries:,MongoNetworkError: getaddrinfo ENOTFOUND int2021-shard-00-01.xduzl.mongodb.net',
  label: 'testing mode',
  timestamp: '2021-10-12T19:05:47.534Z'
}
{
  level: 'info',
  message: 'connected to host on port: 3000',
  label: 'testing mode',
  timestamp: '2021-10-12T19:06:11.557Z'
}
{
  level: 'info',
  message: 'connected to host on port: 3000',
  label: 'testing mode',
  timestamp: '2021-10-12T19:10:50.266Z'
}
{
  level: 'error',
  message: 'error  login_post:,Error: Error: incorrect user',
  label: 'testing mode',
  timestamp: '2021-10-12T19:14:11.227Z'
}
{
  level: 'error',
  message: 'error  login_post:,Error: Error: incorrect user',
  label: 'testing mode',
  timestamp: '2021-10-12T19:16:11.229Z'
}
{
  level: 'info',
  message: 'connected to host on port: 3000',
  label: 'testing mode',
  timestamp: '2021-10-13T06:17:49.117Z'
}
{
  level: 'info',
  message: 'connected to host on port: 3000',
  label: 'testing mode',
  timestamp: '2021-10-13T06:19:00.482Z'
}
{
  level: 'error',
  message: 'error  login_post:,Error: Error: incorrect user',
  label: 'testing mode',
  timestamp: '2021-10-13T06:21:58.544Z'
}
